[    0.000000] Linux version 4.15.0-212-generic (buildd@lcy02-amd64-083) (gcc version 7.5.0 (Ubuntu 7.5.0-3ubuntu1~18.04)) #223-Ubuntu SMP Tue May 23 13:09:22 UTC 2023 (Ubuntu 4.15.0-212.223-generic 4.15.18)
[    0.000000] Command line: BOOT_IMAGE=/boot/vmlinuz-4.15.0-212-generic root=LABEL=cloudimg-rootfs ro console=tty1 console=ttyS0
[    0.000000] KERNEL supported cpus:
[    0.000000]   Intel GenuineIntel
[    0.000000]   AMD AuthenticAMD
[    0.000000]   Centaur CentaurHauls
[    0.000000] x86/fpu: x87 FPU will use FXSAVE
[    0.000000] e820: BIOS-provided physical RAM map:
[    0.000000] BIOS-e820: [mem 0x0000000000000000-0x000000000009fbff] usable
[    0.000000] BIOS-e820: [mem 0x000000000009fc00-0x000000000009ffff] reserved
[    0.000000] BIOS-e820: [mem 0x00000000000f0000-0x00000000000fffff] reserved
[    0.000000] BIOS-e820: [mem 0x0000000000100000-0x000000007ffeffff] usable
[    0.000000] BIOS-e820: [mem 0x000000007fff0000-0x000000007fffffff] ACPI data
[    0.000000] BIOS-e820: [mem 0x00000000fec00000-0x00000000fec00fff] reserved
[    0.000000] BIOS-e820: [mem 0x00000000fee00000-0x00000000fee00fff] reserved
[    0.000000] BIOS-e820: [mem 0x00000000fffc0000-0x00000000ffffffff] reserved
[    0.000000] NX (Execute Disable) protection: active
[    0.000000] SMBIOS 2.5 present.
[    0.000000] DMI: innotek GmbH VirtualBox/VirtualBox, BIOS VirtualBox 12/01/2006
[    0.000000] Hypervisor detected: KVM
[    0.000000] e820: last_pfn = 0x7fff0 max_arch_pfn = 0x400000000
[    0.000000] MTRR: Disabled
[    0.000000] x86/PAT: MTRRs disabled, skipping PAT initialization too.
[    0.000000] CPU MTRRs all blank - virtualized system.
[    0.000000] x86/PAT: Configuration [0-7]: WB  WT  UC- UC  WB  WT  UC- UC  
[    0.000000] found SMP MP-table at [mem 0x0009fff0-0x0009ffff]
[    0.000000] Scanning 1 areas for low memory corruption
[    0.000000] RAMDISK: [mem 0x359cb000-0x36cdcfff]
[    0.000000] ACPI: Early table checksum verification disabled
[    0.000000] ACPI: RSDP 0x00000000000E0000 000024 (v02 VBOX  )
[    0.000000] ACPI: XSDT 0x000000007FFF0030 00003C (v01 VBOX   VBOXXSDT 00000001 ASL  00000061)
[    0.000000] ACPI: FACP 0x000000007FFF00F0 0000F4 (v04 VBOX   VBOXFACP 00000001 ASL  00000061)
[    0.000000] ACPI: DSDT 0x000000007FFF0470 002325 (v02 VBOX   VBOXBIOS 00000002 INTL 20100528)
[    0.000000] ACPI: FACS 0x000000007FFF0200 000040
[    0.000000] ACPI: FACS 0x000000007FFF0200 000040
[    0.000000] ACPI: APIC 0x000000007FFF0240 00005C (v02 VBOX   VBOXAPIC 00000001 ASL  00000061)
[    0.000000] ACPI: SSDT 0x000000007FFF02A0 0001CC (v01 VBOX   VBOXCPUT 00000002 INTL 20100528)
[    0.000000] ACPI: Reserving FACP table memory at [mem 0x7fff00f0-0x7fff01e3]
[    0.000000] ACPI: Reserving DSDT table memory at [mem 0x7fff0470-0x7fff2794]
[    0.000000] ACPI: Reserving FACS table memory at [mem 0x7fff0200-0x7fff023f]
[    0.000000] ACPI: Reserving FACS table memory at [mem 0x7fff0200-0x7fff023f]
[    0.000000] ACPI: Reserving APIC table memory at [mem 0x7fff0240-0x7fff029b]
[    0.000000] ACPI: Reserving SSDT table memory at [mem 0x7fff02a0-0x7fff046b]
[    0.000000] No NUMA configuration found
[    0.000000] Faking a node at [mem 0x0000000000000000-0x000000007ffeffff]
[    0.000000] NODE_DATA(0) allocated [mem 0x7ffc5000-0x7ffeffff]
[    0.000000] kvm-clock: cpu 0, msr 0:7ff44001, primary cpu clock
[    0.000000] kvm-clock: Using msrs 4b564d01 and 4b564d00
[    0.000000] kvm-clock: using sched offset of 5285650484 cycles
[    0.000000] clocksource: kvm-clock: mask: 0xffffffffffffffff max_cycles: 0x1cd42e4dffb, max_idle_ns: 881590591483 ns
[    0.000000] Zone ranges:
[    0.000000]   DMA      [mem 0x0000000000001000-0x0000000000ffffff]
[    0.000000]   DMA32    [mem 0x0000000001000000-0x000000007ffeffff]
[    0.000000]   Normal   empty
[    0.000000]   Device   empty
[    0.000000] Movable zone start for each node
[    0.000000] Early memory node ranges
[    0.000000]   node   0: [mem 0x0000000000001000-0x000000000009efff]
[    0.000000]   node   0: [mem 0x0000000000100000-0x000000007ffeffff]
[    0.000000] Reserved but unavailable: 104 pages
[    0.000000] Initmem setup node 0 [mem 0x0000000000001000-0x000000007ffeffff]
[    0.000000] ACPI: PM-Timer IO Port: 0x4008
[    0.000000] IOAPIC[0]: apic_id 2, version 32, address 0xfec00000, GSI 0-23
[    0.000000] ACPI: INT_SRC_OVR (bus 0 bus_irq 0 global_irq 2 dfl dfl)
[    0.000000] ACPI: INT_SRC_OVR (bus 0 bus_irq 9 global_irq 9 low level)
[    0.000000] Using ACPI (MADT) for SMP configuration information
[    0.000000] smpboot: Allowing 2 CPUs, 0 hotplug CPUs
[    0.000000] PM: Registered nosave memory: [mem 0x00000000-0x00000fff]
[    0.000000] PM: Registered nosave memory: [mem 0x0009f000-0x0009ffff]
[    0.000000] PM: Registered nosave memory: [mem 0x000a0000-0x000effff]
[    0.000000] PM: Registered nosave memory: [mem 0x000f0000-0x000fffff]
[    0.000000] e820: [mem 0x80000000-0xfebfffff] available for PCI devices
[    0.000000] Booting paravirtualized kernel on KVM
[    0.000000] clocksource: refined-jiffies: mask: 0xffffffff max_cycles: 0xffffffff, max_idle_ns: 7645519600211568 ns
[    0.000000] setup_percpu: NR_CPUS:8192 nr_cpumask_bits:2 nr_cpu_ids:2 nr_node_ids:1
[    0.000000] percpu: Embedded 50 pages/cpu s167936 r8192 d28672 u1048576
[    0.000000] PV qspinlock hash table entries: 256 (order: 0, 4096 bytes)
[    0.000000] Built 1 zonelists, mobility grouping on.  Total pages: 515961
[    0.000000] Policy zone: DMA32
[    0.000000] Kernel command line: BOOT_IMAGE=/boot/vmlinuz-4.15.0-212-generic root=LABEL=cloudimg-rootfs ro console=tty1 console=ttyS0
[    0.000000] Memory: 2014836K/2096696K available (12300K kernel code, 2477K rwdata, 4324K rodata, 2480K init, 2720K bss, 81860K reserved, 0K cma-reserved)
[    0.000000] SLUB: HWalign=64, Order=0-3, MinObjects=0, CPUs=2, Nodes=1
[    0.000000] Kernel/User page tables isolation: enabled
[    0.000000] ftrace: allocating 39508 entries in 155 pages
[    0.004000] Hierarchical RCU implementation.
[    0.004000] 	RCU restricting CPUs from NR_CPUS=8192 to nr_cpu_ids=2.
[    0.004000] 	Tasks RCU enabled.
[    0.004000] RCU: Adjusting geometry for rcu_fanout_leaf=16, nr_cpu_ids=2
[    0.004000] NR_IRQS: 524544, nr_irqs: 440, preallocated irqs: 16
[    0.004000] Console: colour VGA+ 80x25
[    0.004000] console [tty1] enabled
[    0.004000] console [ttyS0] enabled
[    0.004000] ACPI: Core revision 20170831
[    0.004000] ACPI: 2 ACPI AML tables successfully acquired and loaded
[    0.004000] APIC: Switch to symmetric I/O mode setup
[    0.008000] ..TIMER: vector=0x30 apic1=0 pin1=2 apic2=-1 pin2=-1
[    0.008011] tsc: Detected 1895.999 MHz processor
[    0.012014] Calibrating delay loop (skipped) preset value.. 3791.99 BogoMIPS (lpj=7583996)
[    0.016009] pid_max: default: 32768 minimum: 301
[    0.020196] Security Framework initialized
[    0.024008] Yama: becoming mindful.
[    0.028223] AppArmor: AppArmor initialized
[    0.048364] Dentry cache hash table entries: 262144 (order: 9, 2097152 bytes)
[    0.062941] Inode-cache hash table entries: 131072 (order: 8, 1048576 bytes)
[    0.064329] Mount-cache hash table entries: 4096 (order: 3, 32768 bytes)
[    0.068303] Mountpoint-cache hash table entries: 4096 (order: 3, 32768 bytes)
[    0.077095] Last level iTLB entries: 4KB 64, 2MB 8, 4MB 8
[    0.084008] Last level dTLB entries: 4KB 64, 2MB 0, 4MB 0, 1GB 4
[    0.088009] Spectre V1 : Mitigation: usercopy/swapgs barriers and __user pointer sanitization
[    0.092118] Spectre V2 : Mitigation: Retpolines
[    0.096008] Spectre V2 : Spectre v2 / SpectreRSB mitigation: Filling RSB on context switch
[    0.100006] Spectre V2 : Spectre v2 / SpectreRSB : Filling RSB on VMEXIT
[    0.104007] RETBleed: WARNING: Spectre v2 mitigation leaves CPU vulnerable to RETBleed attacks, data leaks possible!
[    0.108007] RETBleed: Vulnerable
[    0.112007] Speculative Store Bypass: Vulnerable
[    0.116160] MDS: Mitigation: Clear CPU buffers
[    0.120006] MMIO Stale Data: Mitigation: Clear CPU buffers
[    0.124295] Freeing SMP alternatives memory: 36K
[    0.248008] APIC calibration not consistent with PM-Timer: 101ms instead of 100ms
[    0.252000] APIC delta adjusted to PM-Timer: 6383104 (6474922)
[    0.252927] smpboot: CPU0: Intel(R) Core(TM) i5-8350U CPU @ 1.70GHz (family: 0x6, model: 0x8e, stepping: 0xa)
[    0.257133] Performance Events: unsupported p6 CPU model 142 no PMU driver, software events only.
[    0.260272] Hierarchical SRCU implementation.
[    0.269121] NMI watchdog: Perf event create on CPU 0 failed with -2
[    0.272167] NMI watchdog: Perf NMI watchdog permanently disabled
[    0.280719] smp: Bringing up secondary CPUs ...
[    0.286374] x86: Booting SMP configuration:
[    0.288012] .... node  #0, CPUs:      #1
[    0.004000] kvm-clock: cpu 1, msr 0:7ff44041, secondary cpu clock
[    0.307360] TSC synchronization [CPU#0 -> CPU#1]:
[    0.308000] Measured 53065 cycles TSC warp between CPUs, turning off TSC clock.
[    0.308000] tsc: Marking TSC unstable due to check_tsc_sync_source failed
[    0.316656] smp: Brought up 1 node, 2 CPUs
[    0.320017] smpboot: Max logical packages: 1
[    0.324013] smpboot: Total of 2 processors activated (7583.99 BogoMIPS)
[    0.332005] devtmpfs: initialized
[    0.344418] x86/mm: Memory block size: 128MB
[    0.357668] evm: security.selinux
[    0.368006] evm: security.SMACK64
[    0.376007] evm: security.SMACK64EXEC
[    0.388006] evm: security.SMACK64TRANSMUTE
[    0.400008] evm: security.SMACK64MMAP
[    0.408007] evm: security.apparmor
[    0.420006] evm: security.ima
[    0.424007] evm: security.capability
[    0.436466] clocksource: jiffies: mask: 0xffffffff max_cycles: 0xffffffff, max_idle_ns: 7645041785100000 ns
[    0.452024] futex hash table entries: 512 (order: 3, 32768 bytes)
[    0.460449] pinctrl core: initialized pinctrl subsystem
[    0.472731] RTC time: 22:57:30, date: 10/15/23
[    0.484897] NET: Registered protocol family 16
[    0.492294] audit: initializing netlink subsys (disabled)
[    0.504731] audit: type=2000 audit(1697410655.761:1): state=initialized audit_enabled=0 res=1
[    0.520033] cpuidle: using governor ladder
[    0.528193] cpuidle: using governor menu
[    0.532086] ACPI: bus type PCI registered
[    0.544009] acpiphp: ACPI Hot Plug PCI Controller Driver version: 0.5
[    0.556275] PCI: Using configuration type 1 for base access
[    0.568605] HugeTLB registered 2.00 MiB page size, pre-allocated 0 pages
[    0.588490] ACPI: Added _OSI(Module Device)
[    0.596025] ACPI: Added _OSI(Processor Device)
[    0.604007] ACPI: Added _OSI(3.0 _SCP Extensions)
[    0.612007] ACPI: Added _OSI(Processor Aggregator Device)
[    0.620012] ACPI: Added _OSI(Linux-Dell-Video)
[    0.624012] ACPI: Added _OSI(Linux-Lenovo-NV-HDMI-Audio)
[    0.628012] ACPI: Added _OSI(Linux-HPI-Hybrid-Graphics)
[    0.633374] ACPI: Executed 1 blocks of module-level executable AML code
[    0.647055] ACPI: Interpreter enabled
[    0.648026] ACPI: (supports S0 S5)
[    0.652008] ACPI: Using IOAPIC for interrupt routing
[    0.656627] PCI: Using host bridge windows from ACPI; if necessary, use "pci=nocrs" and report a bug
[    0.660405] ACPI: Enabled 2 GPEs in block 00 to 07
[    0.680041] ACPI: PCI Root Bridge [PCI0] (domain 0000 [bus 00-ff])
[    0.684030] acpi PNP0A03:00: _OSC: OS supports [ASPM ClockPM Segments MSI]
[    0.689796] acpi PNP0A03:00: _OSC: not requesting OS control; OS requires [ExtendedConfig ASPM ClockPM MSI]
[    0.692027] acpi PNP0A03:00: fail to add MMCONFIG information, can't access extended PCI configuration space under this bridge.
[    0.700270] PCI host bridge to bus 0000:00
[    0.704010] pci_bus 0000:00: root bus resource [io  0x0000-0x0cf7 window]
[    0.708010] pci_bus 0000:00: root bus resource [io  0x0d00-0xffff window]
[    0.712011] pci_bus 0000:00: root bus resource [mem 0x000a0000-0x000bffff window]
[    0.716014] pci_bus 0000:00: root bus resource [mem 0x80000000-0xfdffffff window]
[    0.720010] pci_bus 0000:00: root bus resource [bus 00-ff]
[    0.738690] pci 0000:00:01.1: legacy IDE quirk: reg 0x10: [io  0x01f0-0x01f7]
[    0.740008] pci 0000:00:01.1: legacy IDE quirk: reg 0x14: [io  0x03f6]
[    0.744011] pci 0000:00:01.1: legacy IDE quirk: reg 0x18: [io  0x0170-0x0177]
[    0.748015] pci 0000:00:01.1: legacy IDE quirk: reg 0x1c: [io  0x0376]
[    0.800653] pci 0000:00:07.0: quirk: [io  0x4000-0x403f] claimed by PIIX4 ACPI
[    0.804087] pci 0000:00:07.0: quirk: [io  0x4100-0x410f] claimed by PIIX4 SMB
[    0.828982] ACPI: PCI Interrupt Link [LNKA] (IRQs 5 9 10 *11)
[    0.832904] ACPI: PCI Interrupt Link [LNKB] (IRQs 5 9 *10 11)
[    0.836359] ACPI: PCI Interrupt Link [LNKC] (IRQs 5 *9 10 11)
[    0.840365] ACPI: PCI Interrupt Link [LNKD] (IRQs 5 9 10 *11)
[    0.849080] SCSI subsystem initialized
[    0.856373] pci 0000:00:02.0: vgaarb: setting as boot VGA device
[    0.860000] pci 0000:00:02.0: vgaarb: VGA device added: decodes=io+mem,owns=io+mem,locks=none
[    0.860012] pci 0000:00:02.0: vgaarb: bridge control possible
[    0.864008] vgaarb: loaded
[    0.868132] ACPI: bus type USB registered
[    0.872122] usbcore: registered new interface driver usbfs
[    0.876117] usbcore: registered new interface driver hub
[    0.880028] usbcore: registered new device driver usb
[    0.884424] EDAC MC: Ver: 3.0.0
[    0.892410] PCI: Using ACPI for IRQ routing
[    0.897785] NetLabel: Initializing
[    0.900007] NetLabel:  domain hash size = 128
[    0.904005] NetLabel:  protocols = UNLABELED CIPSOv4 CALIPSO
[    0.908326] NetLabel:  unlabeled traffic allowed by default
[    0.916644] clocksource: Switched to clocksource kvm-clock
[    0.928626] VFS: Disk quotas dquot_6.6.0
[    0.928626] VFS: Dquot-cache hash table entries: 512 (order 0, 4096 bytes)
[    0.928626] AppArmor: AppArmor Filesystem Enabled
[    0.928626] pnp: PnP ACPI init
[    0.928626] pnp: PnP ACPI: found 3 devices
[    1.103255] clocksource: acpi_pm: mask: 0xffffff max_cycles: 0xffffff, max_idle_ns: 2085701024 ns
[    1.116005] NET: Registered protocol family 2
[    1.124327] IP idents hash table entries: 32768 (order: 6, 262144 bytes)
[    1.134909] TCP established hash table entries: 16384 (order: 5, 131072 bytes)
[    1.146716] TCP bind hash table entries: 16384 (order: 6, 262144 bytes)
[    1.158152] TCP: Hash tables configured (established 16384 bind 16384)
[    1.160277] UDP hash table entries: 1024 (order: 3, 32768 bytes)
[    1.160277] UDP-Lite hash table entries: 1024 (order: 3, 32768 bytes)
[    1.160277] NET: Registered protocol family 1
[    1.160277] pci 0000:00:00.0: Limiting direct PCI/PCI transfers
[    1.160277] pci 0000:00:01.0: Activating ISA DMA hang workarounds
[    1.160277] pci 0000:00:02.0: Video device with shadowed ROM at [mem 0x000c0000-0x000dffff]
[    1.160277] Unpacking initramfs...
[    2.132176] Freeing initrd memory: 19528K
[    2.139771] clocksource: tsc: mask: 0xffffffffffffffff max_cycles: 0x36a8d041f91, max_idle_ns: 881590460728 ns
[    2.154921] platform rtc_cmos: registered platform RTC device (no PNP device found)
[    2.167591] Scanning for low memory corruption every 60 seconds
[    2.181067] Initialise system trusted keyrings
[    2.188027] Key type blacklist registered
[    2.195328] workingset: timestamp_bits=36 max_order=19 bucket_order=0
[    2.211432] zbud: loaded
[    2.219459] squashfs: version 4.0 (2009/01/31) Phillip Lougher
[    2.233007] fuse init (API version 7.26)
[    2.309856] Key type asymmetric registered
[    2.317698] Asymmetric key parser 'x509' registered
[    2.326498] Block layer SCSI generic (bsg) driver version 0.4 loaded (major 246)
[    2.340040] io scheduler noop registered
[    2.348254] io scheduler deadline registered
[    2.354897] io scheduler cfq registered (default)
[    2.363459] ACPI: AC Adapter [AC] (on-line)
[    2.370305] input: Power Button as /devices/LNXSYSTM:00/LNXPWRBN:00/input/input0
[    2.384690] ACPI: Power Button [PWRF]
[    2.393353] input: Sleep Button as /devices/LNXSYSTM:00/LNXSLPBN:00/input/input1
[    2.407859] ACPI: Sleep Button [SLPF]
[    2.420783] ACPI: Battery Slot [BAT0] (battery present)
[    2.421108] Serial: 8250/16550 driver, 32 ports, IRQ sharing enabled
[    2.486343] 00:02: ttyS0 at I/O 0x3f8 (irq = 4, base_baud = 115200) is a 16550A
[    2.505718] Linux agpgart interface v0.103
[    2.522484] loop: module loaded
[    2.534554] scsi host0: ata_piix
[    2.541611] scsi host1: ata_piix
[    2.547940] ata1: PATA max UDMA/33 cmd 0x1f0 ctl 0x3f6 bmdma 0xd000 irq 14
[    2.559243] ata2: PATA max UDMA/33 cmd 0x170 ctl 0x376 bmdma 0xd008 irq 15
[    2.570606] tun: Universal TUN/TAP device driver, 1.6
[    2.580100] PPP generic driver version 2.4.2
[    2.589772] ehci_hcd: USB 2.0 'Enhanced' Host Controller (EHCI) Driver
[    2.602411] ehci-pci: EHCI PCI platform driver
[    2.609566] ehci-platform: EHCI generic platform driver
[    2.617369] ohci_hcd: USB 1.1 'Open' Host Controller (OHCI) Driver
[    2.628954] ohci-pci: OHCI PCI platform driver
[    2.637141] ohci-platform: OHCI generic platform driver
[    2.648587] uhci_hcd: USB Universal Host Controller Interface driver
[    2.662083] i8042: PNP: PS/2 Controller [PNP0303:PS2K,PNP0f03:PS2M] at 0x60,0x64 irq 1,12
[    2.689247] serio: i8042 KBD port at 0x60,0x64 irq 1
[    2.704855] serio: i8042 AUX port at 0x60,0x64 irq 12
[    2.719773] mousedev: PS/2 mouse device common for all mice
[    2.740064] input: AT Translated Set 2 keyboard as /devices/platform/i8042/serio0/input/input2
[    2.766331] rtc_cmos rtc_cmos: rtc core: registered rtc_cmos as rtc0
[    2.785375] rtc_cmos rtc_cmos: alarms up to one day, 114 bytes nvram
[    2.804479] i2c /dev entries driver
[    2.813119] device-mapper: uevent: version 1.0.3
[    2.858562] device-mapper: ioctl: 4.37.0-ioctl (2017-09-20) initialised: dm-devel@redhat.com
[    2.877867] ledtrig-cpu: registered to indicate activity on CPUs
[    2.898113] NET: Registered protocol family 10
[    2.933510] Segment Routing with IPv6
[    2.942312] NET: Registered protocol family 17
[    2.953934] Key type dns_resolver registered
[    2.967766] mce: Using 0 MCE banks
[    2.976722] RAS: Correctable Errors collector initialized.
[    2.990413] sched_clock: Marking stable (2990233271, 0)->(4577975212, -1587741941)
[    3.020443] registered taskstats version 1
[    3.030456] Loading compiled-in X.509 certificates
[    3.054827] Loaded X.509 cert 'Build time autogenerated kernel key: b5b26778eaa3ab3a4a6cee031137706e947d12ad'
[    3.081961] Loaded X.509 cert 'Canonical Ltd. Live Patch Signing: 14df34d1a87cf37625abec039ef2bf521249b969'
[    3.105742] Loaded X.509 cert 'Canonical Ltd. Kernel Module Signing: 88f752e560a1e0737e31163a466ad7b70a850c19'
[    3.126141] blacklist: Loading compiled-in revocation X.509 certificates
[    3.140708] Loaded X.509 cert 'Canonical Ltd. Secure Boot Signing: 61482aa2830d0ab2ad5af10b7250da9033ddcef0'
[    3.160925] Loaded X.509 cert 'Canonical Ltd. Secure Boot Signing (2017): 242ade75ac4a15e50d50c84b0d45ff3eae707a03'
[    3.184574] Loaded X.509 cert 'Canonical Ltd. Secure Boot Signing (ESM 2018): 365188c1d374d6b07c3c8f240f8ef722433d6a8b'
[    3.207751] Loaded X.509 cert 'Canonical Ltd. Secure Boot Signing (2019): c0746fd6c5da3ae827864651ad66ae47fe24b3e8'
[    3.232482] Loaded X.509 cert 'Canonical Ltd. Secure Boot Signing (2021 v1): a8d54bbb3825cfb94fa13c9f8a594a195c107b8d'
[    3.257601] Loaded X.509 cert 'Canonical Ltd. Secure Boot Signing (2021 v2): 4cf046892d6fd3c9a5b03f98d845f90851dc6a8c'
[    3.283406] Loaded X.509 cert 'Canonical Ltd. Secure Boot Signing (2021 v3): 100437bb6de6e469b581e61cd66bce3ef4ed53af'
[    3.308891] Loaded X.509 cert 'Canonical Ltd. Secure Boot Signing (Ubuntu Core 2019): c1d57b8f6b743f23ee41f4f7ee292f06eecadfb9'
[    3.337207] zswap: loaded using pool lzo/zbud
[    3.377408] Key type big_key registered
[    3.386431] Key type trusted registered
[    3.405107] Key type encrypted registered
[    3.414203] AppArmor: AppArmor sha1 policy hashing enabled
[    3.426525] ima: No TPM chip found, activating TPM-bypass! (rc=-19)
[    3.441292] ima: Allocated hash algorithm: sha1
[    3.451144] evm: HMAC attrs: 0x1
[    3.460250]   Magic number: 11:928:1007
[    3.471078] rtc_cmos rtc_cmos: setting system clock to 2023-10-15 22:57:33 UTC (1697410653)
[    3.490131] BIOS EDD facility v0.16 2004-Jun-25, 0 devices found
[    3.502710] EDD information not available.
[    3.521312] Freeing unused kernel image memory: 2480K
[    3.549142] Write protecting the kernel read-only data: 20480k
[    3.563817] Freeing unused kernel image memory: 2008K
[    3.575704] Freeing unused kernel image memory: 1820K
[    3.597115] x86/mm: Checked W+X mappings: passed, no W+X pages found.
[    3.609643] x86/mm: Checking user space page tables
[    3.625780] x86/mm: Checked W+X mappings: passed, no W+X pages found.
Loading, please wait...
starting version 237
[    3.862159] e1000: Intel(R) PRO/1000 Network Driver - version 7.3.21-k8-NAPI
[    3.875848] e1000: Copyright (c) 1999-2006 Intel Corporation.
[    3.914133] Fusion MPT base driver 3.04.20
[    3.921549] Copyright (c) 1999-2008 LSI Corporation
[    3.987952] Fusion MPT SPI Host driver 3.04.20
[    4.216080] input: ImExPS/2 Generic Explorer Mouse as /devices/platform/i8042/serio1/input/input4
[    4.945850] e1000 0000:00:03.0 eth0: (PCI:33MHz:32-bit) 02:3b:7b:b7:3b:2d
[    4.953669] e1000 0000:00:03.0 eth0: Intel(R) PRO/1000 Network Connection
[    4.964457] mptbase: ioc0: Initiating bringup
[    5.093631] ioc0: LSI53C1030 A0: Capabilities={Initiator}
[    6.008215] scsi host2: ioc0: LSI53C1030 A0, FwRev=00000000h, Ports=1, MaxQ=256, IRQ=20
[    6.265738] scsi 2:0:0:0: Direct-Access     VBOX     HARDDISK         1.0  PQ: 0 ANSI: 5
[    6.312737] scsi target2:0:0: Beginning Domain Validation
[    6.328440] scsi target2:0:0: Domain Validation skipping write tests
[    6.336942] scsi target2:0:0: Ending Domain Validation
[    6.345766] scsi target2:0:0: asynchronous
[    6.355375] scsi 2:0:1:0: Direct-Access     VBOX     HARDDISK         1.0  PQ: 0 ANSI: 5
[    6.776825] scsi target2:0:1: Beginning Domain Validation
[    6.805839] scsi target2:0:1: Domain Validation skipping write tests
[    6.815111] scsi target2:0:1: Ending Domain Validation
[    6.824695] scsi target2:0:1: asynchronous
[    6.851668] sd 2:0:0:0: Attached scsi generic sg0 type 0
[    6.861190] sd 2:0:1:0: Attached scsi generic sg1 type 0
[    6.873379] sd 2:0:0:0: [sda] 83886080 512-byte logical blocks: (42.9 GB/40.0 GiB)
[    6.885861] sd 2:0:0:0: [sda] Write Protect is off
[    6.890977] sd 2:0:1:0: [sdb] 20480 512-byte logical blocks: (10.5 MB/10.0 MiB)
[    6.907140] sd 2:0:1:0: [sdb] Write Protect is off
[    6.916065] sd 2:0:1:0: [sdb] Incomplete mode parameter data
[    6.925645] sd 2:0:1:0: [sdb] Assuming drive cache: write through
[    6.947765] sd 2:0:0:0: [sda] Incomplete mode parameter data
[    6.956364] sd 2:0:0:0: [sda] Assuming drive cache: write through
[    6.970585] sd 2:0:1:0: [sdb] Attached SCSI disk
[    6.982718]  sda: sda1
[    6.993285] sd 2:0:0:0: [sda] Attached SCSI disk
[    7.279026] e1000 0000:00:08.0 eth1: (PCI:33MHz:32-bit) 08:00:27:40:5b:2d
[    7.287387] e1000 0000:00:08.0 eth1: Intel(R) PRO/1000 Network Connection
[    7.302239] e1000 0000:00:03.0 enp0s3: renamed from eth0
[   10.249639] e1000 0000:00:08.0 enp0s8: renamed from eth1
Begin: Loading essential drivers ... [   13.258733] raid6: sse2x1   gen()  6721 MB/s
[   13.312638] raid6: sse2x1   xor()  5943 MB/s
[   13.364594] raid6: sse2x2   gen()  9385 MB/s
[   13.417855] raid6: sse2x2   xor()  7051 MB/s
[   13.472856] raid6: sse2x4   gen() 11743 MB/s
[   13.528736] raid6: sse2x4   xor()  6764 MB/s
[   13.536608] raid6: using algorithm sse2x4 gen() 11743 MB/s
[   13.545627] raid6: .... xor() 6764 MB/s, rmw enabled
[   13.553496] raid6: using ssse3x2 recovery algorithm
[   13.565393] xor: measuring software checksum speed
[   14.245157]    prefetch64-sse: 1913893.000 MB/sec
[   19.242499]    generic_sse: -653991.-296 MB/sec
[   19.248833] xor: using function: prefetch64-sse (1913893.000 MB/sec)
[   19.261226] async_tx: api initialized (async)
done.
Begin: Running /scripts/init-premount ... done.
Begin: Mounting root file system ... Begin: Running /scripts/local-top ... done.
Begin: Running /scripts/local-premount ... [   19.337581] Btrfs loaded, crc32c=crc32c-intel
Scanning for Btrfs filesystems
done.
Warning: fsck not present, so skipping root file system
[   19.418073] EXT4-fs (sda1): mounted filesystem with ordered data mode. Opts: (null)
done.
Begin: Running /scripts/local-bottom ... done.
Begin: Running /scripts/init-bottom ... done.
[   19.811302] ip_tables: (C) 2000-2006 Netfilter Core Team
[   19.858441] systemd[1]: systemd 237 running in system mode. (+PAM +AUDIT +SELINUX +IMA +APPARMOR +SMACK +SYSVINIT +UTMP +LIBCRYPTSETUP +GCRYPT +GNUTLS +ACL +XZ +LZ4 +SECCOMP +BLKID +ELFUTILS +KMOD -IDN2 +IDN -PCRE2 default-hierarchy=hybrid)
[   19.894632] systemd[1]: Detected virtualization oracle.
[   19.906599] systemd[1]: Detected architecture x86-64.

Welcome to [1mUbuntu 18.04.6 LTS[0m!

[   19.973667] systemd[1]: Set hostname to <ubuntu>.
[   19.993777] random: systemd: uninitialized urandom read (16 bytes read)
[   20.004594] systemd[1]: Initializing machine ID from random generator.
[   20.014476] systemd[1]: Installed transient /etc/machine-id file.
[   20.577810] random: systemd: uninitialized urandom read (16 bytes read)
[   20.587281] systemd[1]: Started Forward Password Requests to Wall Directory Watch.
[[0;32m  OK  [0m] Started Forward Password Requests to Wall Directory Watch.
[   20.602493] random: systemd: uninitialized urandom read (16 bytes read)
[   20.612463] systemd[1]: Reached target User and Group Name Lookups.
[[0;32m  OK  [0m] Reached target User and Group Name Lookups.
[   20.642307] systemd[1]: Created slice System Slice.
[[0;32m  OK  [0m] Created slice System Slice.
[   20.657690] systemd[1]: Listening on Journal Socket.
[[0;32m  OK  [0m] Listening on Journal Socket.
         Starting Uncomplicated firewall...
[[0;32m  OK  [0m] Reached target Swap.
[[0;32m  OK  [0m] Created slice system-serial\x2dgetty.slice.
[[0;32m  OK  [0m] Listening on Syslog Socket.
[[0;32m  OK  [0m] Listening on Device-mapper event daemon FIFOs.
[[0;32m  OK  [0m] Listening on udev Control Socket.
[[0;32m  OK  [0m] Listening on udev Kernel Socket.
[[0;32m  OK  [0m] Listening on Journal Socket (/dev/log).
         Starting Create list of required st…ce nodes for the current kernel...
[[0;32m  OK  [0m] Listening on /dev/initctl Compatibility Named Pipe.
[[0;32m  OK  [0m] Listening on LVM2 poll daemon socket.
[[0;32m  OK  [0m] Set up automount Arbitrary Executab…rmats File System Automount Point.
[[0;32m  OK  [0m] Listening on LVM2 metadata daemon socket.
[[0;32m  OK  [0m] Listening on fsck to fsckd communication Socket.
         Starting File System Check on Root Device...
         Mounting Kernel Debug File System...
[[0;32m  OK  [0m] Listening on Network Service Netlink Socket.
[[0;32m  OK  [0m] Created slice User and Session Slice.
         Mounting POSIX Message Queue File System...
[[0;32m  OK  [0m] Listening on Journal Audit Socket.
         Starting Journal Service...
         Starting Load Kernel Modules...
         Starting Set the console keyboard layout...
[[0;32m  OK  [0m] Reached target System Time Synchronized.
         Starting udev Coldplug all Devices...
         Starting Monitoring of LVM2 mirrors…ng dmeventd or progress polling...
[   20.864885] Loading iSCSI transport class v2.0-870.
[[0;32m  OK  [0m] Reached target Mounting snaps.
[[0;32m  OK  [0m] Reached target Mounted snaps.
[[0;32m  OK  [0m] Reached target Slices.
         Mounting Huge Pages File System...
[[0;32m  OK  [0m] Started Uncomplicated firewall.
[[0;32m  OK  [0m] Started Create list of required sta…vice nodes for the current kernel.
[[0;32m  OK  [0m] Started File System Check on Root Device.
[[0;32m  OK  [0m] Mounted Kernel Debug File System.
[[0;32m  OK  [0m] Mounted POSIX Message Queue File System.
[[0;32m  OK  [0m] Mounted Huge Pages File System.
[[0;32m  OK  [0m] Started File System Check Daemon to report status.
[   20.994344] random: systemd: uninitialized urandom read (16 bytes read)
[   21.007679] random: systemd-journal: uninitialized urandom read (16 bytes read)
[   21.024215] iscsi: registered transport (tcp)
[   21.026336] random: systemd-journal: uninitialized urandom read (16 bytes read)
         Starting Remount Root and Kernel File Systems...
         Starting Create Static Device Nodes in /dev...
[[0;32m  OK  [0m] Started Journal Service.
[[0;32m  OK  [0m] Started udev Coldplug all Devices.
[[0;32m  OK  [0m] Started LVM2 metadata daemon.
[[0;32m  OK  [0m] Started Create Static Device Nodes in /dev.
[   21.256081] iscsi: registered transport (iser)
[[0;32m  OK  [0m] Started Load Kernel Modules.
         Starting Apply Kernel Variables...
         [   21.279216] EXT4-fs (sda1): re-mounted. Opts: (null)
Mounting Kernel Configuration File System...
         Mounting FUSE Control File System...
[[0;32m  OK  [0m] Started Remount Root and Kernel File Systems.
[[0;32m  OK  [0m] Mounted Kernel Configuration File System.
[[0;32m  OK  [0m] Mounted FUSE Control File System.
         Starting udev Kernel Device Manager...
         Starting Flush Journal to Persistent Storage...
         Starting Load/Save Random Seed...
[[0;32m  OK  [0m] Started Monitoring of LVM2 mirrors,…sing dmeventd or progress polling.
[[0;32m  OK  [0m] Started Load/Save Random Seed.
[[0;32m  OK  [0m] Started Apply Kernel Variables.
[[0;32m  OK  [0m] Started udev Kernel Device Manager.
[[0;32m  OK  [0m] Started Flush Journal to Persistent Storage.
[[0;32m  OK  [0m] Found device /dev/ttyS0.
[[0;32m  OK  [0m] Listening on Load/Save RF Kill Switch Status /dev/rfkill Watch.
[[0;32m  OK  [0m] Started Set the console keyboard layout.
         Mounting Arbitrary Executable File Formats File System...
[[0;32m  OK  [0m] Reached target Local File Systems (Pre).
[[0;32m  OK  [0m] Reached target Local File Systems.
         Starting Set console font and keymap...
         Starting Commit a transient machine-id on disk...
         Starting Tell Plymouth To Write Out Runtime Data...
         Starting AppArmor initialization...
         Starting ebtables ruleset management...
         Starting Create Volatile Files and Directories...
[[0;32m  OK  [0m] Started Dispatch Password Requests to Console Directory Watch.
[[0;32m  OK  [0m] Reached target Local Encrypted Volumes.
[[0;32m  OK  [0m] Mounted Arbitrary Executable File Formats File System.
[[0;32m  OK  [0m] Started Tell Plymouth To Write Out Runtime Data.
[[0;32m  OK  [0m] Started Commit a transient machine-id on disk.
[[0;32m  OK  [0m] Started Create Volatile Files and Directories.
         Starting Update UTMP about System Boot/Shutdown...
[[0;32m  OK  [0m] Started Update UTMP about System Boot/Shutdown.
[[0;32m  OK  [0m] Started ebtables ruleset management.
[[0;32m  OK  [0m] Started AppArmor initialization.
         Starting Load AppArmor profiles managed internally by snapd...
         Starting Initial cloud-init job (pre-networking)...
[[0;32m  OK  [0m] Started Load AppArmor profiles managed internally by snapd.
[[0;32m  OK  [0m] Started Set console font and keymap.
[   29.525412] cloud-init[738]: Cloud-init v. 23.1.2-0ubuntu0~18.04.1 running 'init-local' at Sun, 15 Oct 2023 22:57:58 +0000. Up 28.86 seconds.
[[0;32m  OK  [0m] Started Initial cloud-init job (pre-networking).
[[0;32m  OK  [0m] Reached target Network (Pre).
         Starting Network Service...
[[0;32m  OK  [0m] Started Network Service.
         Starting Network Name Resolution...
         Starting Wait for Network to be Configured...
[[0;32m  OK  [0m] Started Network Name Resolution.
[[0;32m  OK  [0m] Reached target Network.
[[0;32m  OK  [0m] Reached target Host and Network Name Lookups.
[[0;32m  OK  [0m] Started Wait for Network to be Configured.
         Starting Initial cloud-init job (metadata service crawler)...
[   32.545910] cloud-init[883]: Cloud-init v. 23.1.2-0ubuntu0~18.04.1 running 'init' at Sun, 15 Oct 2023 22:58:02 +0000. Up 32.33 seconds.
[   32.556178] cloud-init[883]: ci-info: ++++++++++++++++++++++++++++++++++++++Net device info+++++++++++++++++++++++++++++++++++++++
[   32.562907] cloud-init[883]: ci-info: +--------+-------+----------------------------+---------------+--------+-------------------+
[   32.569672] cloud-init[883]: ci-info: | Device |   Up  |          Address           |      Mask     | Scope  |     Hw-Address    |
[   32.576703] cloud-init[883]: ci-info: +--------+-------+----------------------------+---------------+--------+-------------------+
[   32.584487] cloud-init[883]: ci-info: | enp0s3 |  True |         10.0.2.15          | 255.255.255.0 | global | 02:3b:7b:b7:3b:2d |
[   32.591521] cloud-init[883]: ci-info: | enp0s3 |  True | fe80::3b:7bff:feb7:3b2d/64 |       .       |  link  | 02:3b:7b:b7:3b:2d |
[   32.599192] cloud-init[883]: ci-info: | enp0s8 | False |             .              |       .       |   .    | 08:00:27:40:5b:2d |
[   32.604966] cloud-init[883]: ci-info: |   lo   |  True |         127.0.0.1          |   255.0.0.0   |  host  |         .         |
[   32.612014] cloud-init[883]: ci-info: |   lo   |  True |          ::1/128           |       .       |  host  |         .         |
[   32.618240] cloud-init[883]: ci-info: +--------+-------+----------------------------+---------------+--------+-------------------+
[   32.624427] cloud-init[883]: ci-info: ++++++++++++++++++++++++++++Route IPv4 info+++++++++++++++++++++++++++++
[   32.630699] cloud-init[883]: ci-info: +-------+-------------+----------+-----------------+-----------+-------+
[   32.635724] cloud-init[883]: ci-info: | Route | Destination | Gateway  |     Genmask     | Interface | Flags |
[   32.642422] cloud-init[883]: ci-info: +-------+-------------+----------+-----------------+-----------+-------+
[   32.647579] cloud-init[883]: ci-info: |   0   |   0.0.0.0   | 10.0.2.2 |     0.0.0.0     |   enp0s3  |   UG  |
[   32.653253] cloud-init[883]: ci-info: |   1   |   10.0.2.0  | 0.0.0.0  |  255.255.255.0  |   enp0s3  |   U   |
[   32.660057] cloud-init[883]: ci-info: |   2   |   10.0.2.2  | 0.0.0.0  | 255.255.255.255 |   enp0s3  |   UH  |
[   32.665530] cloud-init[883]: ci-info: +-------+-------------+----------+-----------------+-----------+-------+
[   32.671709] cloud-init[883]: ci-info: +++++++++++++++++++Route IPv6 info+++++++++++++++++++
[   32.678844] cloud-init[883]: ci-info: +-------+-------------+---------+-----------+-------+
[   32.684917] cloud-init[883]: ci-info: | Route | Destination | Gateway | Interface | Flags |
[   32.690400] cloud-init[883]: ci-info: +-------+-------------+---------+-----------+-------+
[   32.695540] cloud-init[883]: ci-info: |   1   |  fe80::/64  |    ::   |   enp0s3  |   U   |
[   32.701038] cloud-init[883]: ci-info: |   3   |    local    |    ::   |   enp0s3  |   U   |
[   32.705859] cloud-init[883]: ci-info: |   4   |   ff00::/8  |    ::   |   enp0s3  |   U   |
[   32.710132] cloud-init[883]: ci-info: +-------+-------------+---------+-----------+-------+
[   34.022118] cloud-init[883]: Generating public/private rsa key pair.
[   34.025232] cloud-init[883]: Your identification has been saved in /etc/ssh/ssh_host_rsa_key.
[   34.030102] cloud-init[883]: Your public key has been saved in /etc/ssh/ssh_host_rsa_key.pub.
[   34.035326] cloud-init[883]: The key fingerprint is:
[   34.038285] cloud-init[883]: SHA256:94UuG5QQjjmPTKi0l2sdJ/LaCVz0KgsqcXMxfBMgz/M root@ubuntu-bionic
[   34.043090] cloud-init[883]: The key's randomart image is:
[   34.047852] cloud-init[883]: +---[RSA 2048]----+
[   34.050456] cloud-init[883]: |  . ..  .        |
[   34.052757] cloud-init[883]: |   + ..+ .       |
[   34.055922] cloud-init[883]: |  ..= *.o        |
[   34.059009] cloud-init[883]: | . o+Bo= . . .   |
[   34.062170] cloud-init[883]: |  o ++E.S + . .  |
[   34.064990] cloud-init[883]: |. oo.* = o o .   |
[   34.067698] cloud-init[883]: | o.o* +   o o    |
[   34.069932] cloud-init[883]: |.. o * .   +     |
[   34.072282] cloud-init[883]: |o   o o   .      |
[   34.074562] cloud-init[883]: +----[SHA256]-----+
[   34.086355] cloud-init[883]: Generating public/private dsa key pair.
[   34.094598] cloud-init[883]: Your identification has been saved in /etc/ssh/ssh_host_dsa_key.
[   34.098931] cloud-init[883]: Your public key has been saved in /etc/ssh/ssh_host_dsa_key.pub.
[   34.102782] cloud-init[883]: The key fingerprint is:
[   34.105238] cloud-init[883]: SHA256:Vt1lnRkFzNm0vygLPSHQ4+v1g/6jkTmO9sm6mQ4eavQ root@ubuntu-bionic
[   34.110089] cloud-init[883]: The key's randomart image is:
[   34.112866] cloud-init[883]: +---[DSA 1024]----+
[   34.115057] cloud-init[883]: |             o.*@|
[   34.117584] cloud-init[883]: |        .  . .+=+|
[   34.120001] cloud-init[883]: |       . o. . .. |
[   34.122522] cloud-init[883]: |        o..     .|
[   34.124648] cloud-init[883]: |        So .    .|
[   34.126927] cloud-init[883]: |     . .  + + . .|
[   34.129190] cloud-init[883]: |    . .o o X.. . |
[   34.131392] cloud-init[883]: |     .oE+.O.Oo   |
[   34.133566] cloud-init[883]: |    .. .oO=Oooo  |
[   34.135705] cloud-init[883]: +----[SHA256]-----+
[   34.138157] cloud-init[883]: Generating public/private ecdsa key pair.
[   34.141739] cloud-init[883]: Your identification has been saved in /etc/ssh/ssh_host_ecdsa_key.
[   34.146035] cloud-init[883]: Your public key has been saved in /etc/ssh/ssh_host_ecdsa_key.pub.
[   34.150790] cloud-init[883]: The key fingerprint is:
[   34.153429] cloud-init[883]: SHA256:LmzHTgMCB26Gf/iNBI2mScMPXEuMOeL1pKB+FrsVEBw root@ubuntu-bionic
[   34.158064] cloud-init[883]: The key's randomart image is:
[   34.160726] cloud-init[883]: +---[ECDSA 256]---+
[   34.163294] cloud-init[883]: |  *Eo            |
[   34.165806] cloud-init[883]: |+BoO..           |
[   34.168477] cloud-init[883]: |=*%.B            |
[   34.170829] cloud-init[883]: |oO+B o           |
[   34.173331] cloud-init[883]: |+ o.* o S        |
[   34.175810] cloud-init[883]: | . B * +         |
[   34.178270] cloud-init[883]: |  o = = *        |
[   34.180406] cloud-init[883]: |   . . = .       |
[   34.182689] cloud-init[883]: |        .        |
[   34.185849] cloud-init[883]: +----[SHA256]-----+
[   34.188020] cloud-init[883]: Generating public/private ed25519 key pair.
[   34.191210] cloud-init[883]: Your identification has been saved in /etc/ssh/ssh_host_ed25519_key.
[   34.196061] cloud-init[883]: Your public key has been saved in /etc/ssh/ssh_host_ed25519_key.pub.
[   34.201184] cloud-init[883]: The key fingerprint is:
[   34.205050] cloud-init[883]: SHA256:REUrcsUuU4RHudNT9/H2O4rfZVY+b9+rFAK58zSik2k root@ubuntu-bionic
[   34.214681] cloud-init[883]: The key's randomart image is:
[   34.222372] cloud-init[883]: +--[ED25519 256]--+
[   34.228757] cloud-init[883]: |        .B*.     |
[   34.254686] cloud-init[883]: |       ...*.  ...|
[   34.264607] cloud-init[883]: |      . +*.o . .+|
[   34.273799] cloud-init[883]: |       +o.* o   +|
[   34.283225] cloud-init[883]: |        S* = o .o|
[[0;32m  OK  [0m] Started Initial cloud-init job (metadata service crawler).
[   34.293815] [[0;32m  OK  [0m] Reached target Cloud-config availability.
[[0;32m  OK  [0m] Reached target Network is Online.
cloud-init[883]: |        + = o ..o|
[   34.303971] cloud-init[883]: |       E   . . .*|
[   34.310538] cloud-init[883]: |      . .   o .=*|
[   34.316664] cloud-init         Starting Availability of block devices...
[[0;32m  OK  [0m] Reached target Remote File Systems (Pre).
[[0;32m  OK  [0m] Reached target Remote File Systems.
[[0;32m  OK  [0m] Reached target System Initialization.
[[0;32m  OK  [0m] Started Discard unused blocks once a week.
[[0;32m  OK  [0m] Listening on UUID daemon activation socket.
[[0;32m  OK  [0m] Started Message of the Day.
[[0;32m  OK  [0m] Started Daily apt download activities.
[[0;32m  OK  [0m] Started Daily apt upgrade and clean activities.
[[0;32m  OK  [0m] Listening on Open-iSCSI iscsid Socket.
[[0;32m  OK  [0m] Started ACPI Events Check.
[[0;32m  OK  [0m] Listening on ACPID Listen Socket.
[[0;32m  OK  [0m] Reached target Paths.
         Starting LXD - unix socket.
[[0;32m  OK  [0m] Listening on D-Bus System Message Bus Socket.
         Starting Socket activation for snappy daemon.
[[0;32m  OK  [0m] Started Daily Cleanup of Temporary Directories.
[[0;32m  OK  [0m] Listening on cloud-init hotplug hook socket.
[[0;32m  OK  [0m] Started Ubuntu Advantage Timer for running repeated jobs.
[[0;32m  OK  [0m] Reached target Timers.
[[0;32m  OK  [0m] Started Availability of block devices.
[[0;32m  OK  [0m] Listening on LXD - unix socket.
[[0;32m  OK  [0m] Listening on Socket activation for snappy daemon.
[[0;32m  OK  [0m] Reached target Sockets.
[[0;32m  OK  [0m] Reached target Basic System.
[[0;32m  OK  [0m] Started irqbalance daemon.
         Starting LXD - container startup/shutdown...
         Starting Virtualbox guest utils...
         Starting System Logging Service...
[[0;32m  OK  [0m] Started D-Bus System Message Bus.
[883]: |           ..+o+B|
[   34.395502] cloud-init[883]: +----[SHA256]-----+
         Starting Login Service...
[[0;32m  OK  [0m] Started Deferred execution scheduler.
         Starting Pollinate to seed the pseudo random number generator...
         Starting LSB: Record successful boot for GRUB...
[[0;32m  OK  [0m] Started Regular background program processing daemon.
         Starting Accounts Service...
         Starting Permit User Sessions...
         Starting LSB: automatic crash report generation...
         Starting Dispatcher daemon for systemd-networkd...
[[0;32m  OK  [0m] Started FUSE filesystem for LXC.
[[0;32m  OK  [0m] Reached target Login Prompts (Pre).
         Starting Snap Daemon...
[[0;32m  OK  [0m] Started System Logging Service.
[[0;32m  OK  [0m] Started Permit User Sessions.
[[0;32m  OK  [0m] Started Login Service.
[[0;32m  OK  [0m] Started Unattended Upgrades Shutdown.
         Starting Hold until boot process finishes up...
         Starting Terminate Plymouth Boot Screen...
[[0;32m  OK  [0m] Started Hold until boot process finishes up.
         Starting Set console scheme...
[[0;32m  OK  [0m] Started Serial Getty on ttyS0.
[[0;32m  OK  [0m] Started Terminate Plymouth Boot Screen.
[[0;32m  OK  [0m] Started Set console scheme.
[[0;32m  OK  [0m] Created slice system-getty.slice.
[[0;32m  OK  [0m] Started Getty on tty1.
[[0;32m  OK  [0m] Reached target Login Prompts.
         Starting Authorization Manager...
[[0;32m  OK  [0m] Started LSB: automatic crash report generation.
[[0;32m  OK  [0m] Started LSB: Record successful boot for GRUB.
[[0;32m  OK  [0m] Started LXD - container startup/shutdown.
[[0;32m  OK  [0m] Started Authorization Manager.
[[0;32m  OK  [0m] Started Accounts Service.
[[0;32m  OK  [0m] Started Virtualbox guest utils.
[[0;32m  OK  [0m] Started Dispatcher daemon for systemd-networkd.
[[0;32m  OK  [0m] Started Snap Daemon.
         Starting Wait until snapd is fully seeded...
[[0;32m  OK  [0m] Started Pollinate to seed the pseudo random number generator.
         Starting OpenBSD Secure Shell server...
[[0;32m  OK  [0m] Started OpenBSD Secure Shell server.
[[0;32m  OK  [0m] Created slice User Slice of vagrant.
[[0;32m  OK  [0m] Started Session 1 of user vagrant.
         Starting User Manager for UID 1000...
[[0;32m  OK  [0m] Started User Manager for UID 1000.
         Starting Time & Date Service...
[[0;32m  OK  [0m] Started Time & Date Service.

Ubuntu 18.04.6 LTS ubuntu-bionic ttyS0

ubuntu-bionic login: [   46.307579] cloud-init[1462]: Cloud-init v. 23.1.2-0ubuntu0~18.04.1 running 'modules:config' at Sun, 15 Oct 2023 22:58:14 +0000. Up 44.36 seconds.
ci-info: no authorized SSH keys fingerprints found for user ubuntu.
<14>Oct 15 22:58:17 cloud-init: #############################################################
<14>Oct 15 22:58:17 cloud-init: -----BEGIN SSH HOST KEY FINGERPRINTS-----
<14>Oct 15 22:58:17 cloud-init: 1024 SHA256:Vt1lnRkFzNm0vygLPSHQ4+v1g/6jkTmO9sm6mQ4eavQ root@ubuntu-bionic (DSA)
<14>Oct 15 22:58:17 cloud-init: 256 SHA256:LmzHTgMCB26Gf/iNBI2mScMPXEuMOeL1pKB+FrsVEBw root@ubuntu-bionic (ECDSA)
<14>Oct 15 22:58:17 cloud-init: 256 SHA256:REUrcsUuU4RHudNT9/H2O4rfZVY+b9+rFAK58zSik2k root@ubuntu-bionic (ED25519)
<14>Oct 15 22:58:17 cloud-init: 2048 SHA256:94UuG5QQjjmPTKi0l2sdJ/LaCVz0KgsqcXMxfBMgz/M root@ubuntu-bionic (RSA)
<14>Oct 15 22:58:17 cloud-init: -----END SSH HOST KEY FINGERPRINTS-----
<14>Oct 15 22:58:17 cloud-init: #############################################################
-----BEGIN SSH HOST KEY KEYS-----
ecdsa-sha2-nistp256 AAAAE2VjZHNhLXNoYTItbmlzdHAyNTYAAAAIbmlzdHAyNTYAAABBBCxi5VM2rT+XYBg2PwefbRxRvbdV5/ZjOhPT472U4H8V8GxWepMMqN2XHKKV47nEvCkqJ3sRlPAGJH/6EdRYw2s= root@ubuntu-bionic
ssh-ed25519 AAAAC3NzaC1lZDI1NTE5AAAAIETMU4pt8OzUh993gS+YyANQUUWNNTUkyOarn0uRGH3R root@ubuntu-bionic
ssh-rsa AAAAB3NzaC1yc2EAAAADAQABAAABAQDXsdxoKyXPL3r+zOdtD87RQ7mAryKgtdg6YzS5qMnQrReTuFLaYTsiIQhZmj89uthVRCtz0scZARfVTm+iP5lXsVe5u/Ce99PLCZUzQSOsyWxCooygDrNv/Z98ou662OxIzlH1ZwKMgNg/prkymELes9enhB2D5ibRmoA72Zb50PcHtE2mPc11hpcz4Ti09HhQO6Ewlc+ADkwMUfDtAUgieW91ADoCunwk27RK0LtE209WR1v1HSxYl7h6RknxZgbkGXH8qQcDsUx9QH5Elaaj5iSSNUOSgan27BQtFtQ83Zf7E7sfmQCPW8RG6XUHuG7eWYTT29m49fknTmPfkd2r root@ubuntu-bionic
-----END SSH HOST KEY KEYS-----
[   47.686552] cloud-init[1575]: Cloud-init v. 23.1.2-0ubuntu0~18.04.1 running 'modules:final' at Sun, 15 Oct 2023 22:58:17 +0000. Up 47.18 seconds.
[   47.700376] cloud-init[1575]: Cloud-init v. 23.1.2-0ubuntu0~18.04.1 finished at Sun, 15 Oct 2023 22:58:17 +0000. Datasource DataSourceNoCloud [seed=/dev/sdb][dsmode=net].  Up 47.60 seconds
